     1                                  CYLS equ 10
     2                                  
     3                                  	org 0x7c00
     4                                  
     5 00000000 EB50                    	jmp entry
     6 00000002 90                      	db 0x90
     7 00000003 48415249424F5445        	db "HARIBOTE"
     8 0000000B 0002                    	dw 512
     9 0000000D 01                      	db 1
    10 0000000E 0100                    	dw 1
    11 00000010 02                      	db 2
    12 00000011 E000                    	dw 224
    13 00000013 400B                    	dw 2880
    14 00000015 F0                      	db 0xf0
    15 00000016 0900                    	dw 9
    16 00000018 1200                    	dw 18
    17 0000001A 0200                    	dw 2
    18 0000001C 00000000                	dd 0
    19 00000020 400B0000                	dd 2880
    20 00000024 000029                  	db 0,0,0x29
    21 00000027 FFFFFFFF                	dd 0xffffffff
    22 0000002B 48415249424F54454F-     	db "HARIBOTEOS   "
    22 00000034 53202020           
    23 00000038 4641543132202020        	db "FAT12   "
    24 00000040 <res 00000012>          	resb 18
    24          ******************       warning: uninitialized space declared in .text section: zeroing
    25                                  
    26                                  ; ほんへ
    27                                  entry: ; レジスタ初期化
    28 00000052 B80000                  	mov ax, 0
    29 00000055 8ED0                    	mov ss, ax
    30 00000057 BC007C                  	mov sp, 0x7c00
    31 0000005A 8ED8                    	mov ds, ax
    32                                  
    33                                  ; ディスクを読む
    34                                  	
    35 0000005C B82008                  	mov ax, 0x0820
    36 0000005F 8EC0                    	mov es, ax
    37 00000061 B500                    	mov ch, 0 ; シリンダ0
    38 00000063 B600                    	mov dh, 0 ; ヘッド0
    39 00000065 B102                    	mov cl, 2 ; セクタ2
    40                                  
    41                                  readloop:
    42 00000067 BE0000                  	mov si, 0 ; カウンタ
    43                                  
    44                                  retry:
    45 0000006A B402                    	mov ah, 0x02 ; ディスク読み込み
    46 0000006C B001                    	mov al, 1 ; 1セクタだけ
    47 0000006E BB0000                  	mov bx, 0
    48 00000071 B200                    	mov dl, 0x00 ; Aドライブ
    49 00000073 CD13                    	int 0x13 ; ディスクbios
    50 00000075 7310                    	jnc next
    51 00000077 83C601                  	add si, 1
    52 0000007A 83FE05                  	cmp si, 5
    53 0000007D 7335                    	jae error
    54 0000007F B400                    	mov ah, 0x00
    55 00000081 B200                    	mov dl, 0x00 ; Aドライブ
    56 00000083 CD13                    	int 0x13 ; ディスクbios
    57 00000085 EBE3                    	jmp retry
    58                                  next:
    59 00000087 8CC0                    	mov ax, es
    60 00000089 83C020                  	add ax, 0x20
    61 0000008C 8EC0                    	mov es, ax
    62 0000008E 80C101                  	add cl, 1
    63 00000091 80F912                  	cmp cl, 18
    64 00000094 76D1                    	jbe readloop ; if(cl <= 18) goto readloop;
    65 00000096 B101                    	mov cl, 1
    66 00000098 80C601                  	add dh, 1
    67 0000009B 80FE02                  	cmp dh, 2
    68 0000009E 72C7                    	jb readloop
    69 000000A0 B600                    	mov dh, 0
    70 000000A2 80C501                  	add ch, 1
    71 000000A5 80FD0A                  	cmp ch, CYLS
    72 000000A8 72BD                    	jb readloop
    73                                  
    74 000000AA 882EF00F                	mov     [0x0ff0], ch    ; iplがどこまで読んだのかをメモ
    75 000000AE E9(00C2)                	jmp     0xc200
    76                                  	
    77                                  
    78                                  fin:
    79 000000B1 F4                      	hlt
    80 000000B2 EBFD                    	jmp fin
    81                                  
    82                                  error:
    83 000000B4 BE[C900]                	mov si, msg
    84                                  
    85                                  putloop:
    86 000000B7 8A04                    	mov al, [si]
    87 000000B9 83C601                  	add si, 1
    88 000000BC 3C00                    	cmp al, 0
    89 000000BE 74F1                    	je fin
    90 000000C0 B40E                    	mov ah, 0x0e
    91 000000C2 BB0F00                  	mov bx, 15
    92 000000C5 CD10                    	int 0x10
    93 000000C7 EBEE                    	jmp putloop
    94                                  
    95                                  msg:
    96 000000C9 0A0A                    	db 0x0a, 0x0a
    97 000000CB 6C6F6164206572726F-     	db "load error"
    97 000000D4 72                 
    98 000000D5 0A                      	db 0x0a
    99 000000D6 00                      	db 0
   100                                  
   101 000000D7 <res 00000127>          	resb	0x7dfe - 0x7c00 -($-$$)		; 0x7dfeまでを0x00で埋める命令
   101          ******************       warning: uninitialized space declared in .text section: zeroing
   102 000001FE 55AA                    	db		0x55, 0xaa
   103                                  
   104 00000200 E9(00C2)                jmp 0xc200
